Build started 3/30/2021 10:00:21 AM.
     1>Project "C:\Users\os\OneDrive\destop\theone\theone\theone\theone.vcxproj" on node 2 (Build target(s)).
     1>ClCompile:
         C:\Program Files (x86)\Microsoft Visual Studio 11.0\VC\bin\CL.exe /c /ZI /nologo /W3 /WX- /Od /Oy- /D WIN32 /D _DEBUG /D _CONSOLE /D _UNICODE /D UNICODE /Gm /EHsc /RTC1 /MDd /GS /fp:precise /Zc:wchar_t /Zc:forScope /Fo"Debug\\" /Fd"Debug\vc110.pdb" /Gd /TP /analyze- /errorReport:prompt Amo.cpp
         Amo.cpp
     1>c:\users\os\onedrive\destop\theone\theone\theone\amo.cpp(6): error C2533: 'AmoObject::{ctor}' : constructors not allowed a return type
     1>c:\users\os\onedrive\destop\theone\theone\theone\amo.cpp(10): error C2065: 'y_val_' : undeclared identifier
     1>Done Building Project "C:\Users\os\OneDrive\destop\theone\theone\theone\theone.vcxproj" (Build target(s)) -- FAILED.

Build FAILED.

Time Elapsed 00:00:00.98
